May 23, 2025 2:34:52 AM com.lexso.login.main.ForgotPassword <init>
INFO: Starting LexSo POS application Password Reset.
May 23, 2025 2:35:08 AM com.lexso.login.service.ForgotMailService sendOtpEmail
INFO: OTP email sent to: geekhirusha@gmail.com
May 23, 2025 2:35:11 AM com.lexso.login.service.ForgotWhatsappService sendOtpWhatsApp
INFO: OTP WhatsApp message sent to: 94726733332
May 23, 2025 2:35:11 AM com.lexso.login.main.ForgotPassword generateAndSendOTP
INFO: OTP generated and sent for email: geekhirusha@gmail.com
May 23, 2025 2:35:28 AM com.lexso.login.main.ForgotPassword verifyOTP
INFO: OTP verified successfully for email: geekhirusha@gmail.com
May 23, 2025 2:35:39 AM com.lexso.login.main.ForgotPassword resetPassword
INFO: Password reset successfully for email: geekhirusha@gmail.com
May 23, 2025 2:35:46 AM com.lexso.login.service.ForgotMailService sendPasswordResetConfirmation
INFO: Password reset confirmation sent to: geekhirusha@gmail.com
May 23, 2025 9:39:57 AM com.lexso.login.main.ForgotPassword <init>
INFO: Starting LexSo POS application Password Reset.
May 23, 2025 9:40:25 AM com.lexso.login.service.ForgotMailService sendOtpEmail
INFO: OTP email sent to: geekhirusha@gmail.com
May 23, 2025 9:40:26 AM com.lexso.login.service.ForgotWhatsappService sendOtpWhatsApp
INFO: OTP WhatsApp message sent to: 94726733332
May 23, 2025 9:40:26 AM com.lexso.login.main.ForgotPassword generateAndSendOTP
INFO: OTP generated and sent for email: geekhirusha@gmail.com
May 23, 2025 9:40:36 AM com.lexso.login.main.ForgotPassword verifyOTP
INFO: OTP verified successfully for email: geekhirusha@gmail.com
May 23, 2025 9:40:47 AM com.lexso.login.main.ForgotPassword resetPassword
INFO: Password reset successfully for email: geekhirusha@gmail.com
May 23, 2025 9:41:03 AM com.lexso.login.service.ForgotMailService sendPasswordResetConfirmation
INFO: Password reset confirmation sent to: geekhirusha@gmail.com
