May 22, 2025 1:29:34 AM com.lexso.login.main.Main$7 run
INFO: Auto-login successful for remembered user: Admin
May 22, 2025 11:38:03 AM com.lexso.login.main.Main$7 run
WARNING: Remembered user credentials invalid or not found. Clearing preference.
May 22, 2025 11:38:04 AM com.lexso.login.main.Main <init>
INFO: Starting LexSo POS application.
May 22, 2025 11:38:30 AM com.lexso.login.main.Main jButton1ActionPerformed
INFO: Login button clicked. Attempting login for username: Admin
May 22, 2025 11:38:30 AM com.lexso.login.main.Main jButton1ActionPerformed
INFO: Login successful for user: Admin (Email: admin@lexso.com)
May 22, 2025 11:38:30 AM com.lexso.login.main.Main jButton1ActionPerformed
INFO: Remember Me unchecked. Preference cleared.
May 22, 2025 11:38:30 AM com.lexso.login.main.Main jButton1ActionPerformed
INFO: Redirected to Dashboard. Login window disposed.
May 22, 2025 11:38:35 AM com.lexso.login.main.Main <init>
INFO: Starting LexSo POS application.
May 22, 2025 11:38:43 AM com.lexso.login.main.Main jButton1ActionPerformed
INFO: Login button clicked. Attempting login for username: Username
May 22, 2025 11:38:45 AM com.lexso.login.main.Main jButton1ActionPerformed
WARNING: Login failed: Username field is empty or still default.
May 22, 2025 11:41:58 AM com.lexso.login.main.Main <init>
INFO: Starting LexSo POS application.
May 22, 2025 11:42:08 AM com.lexso.login.main.Main jButton1ActionPerformed
INFO: Login button clicked. Attempting login for username: admin
May 22, 2025 11:42:09 AM com.lexso.login.main.Main jButton1ActionPerformed
INFO: Login successful for user: admin (Email: admin@lexso.com)
May 22, 2025 11:42:09 AM com.lexso.login.main.Main jButton1ActionPerformed
INFO: Remember Me unchecked. Preference cleared.
May 22, 2025 11:42:09 AM com.lexso.login.main.Main jButton1ActionPerformed
INFO: Redirected to Dashboard. Login window disposed.
May 22, 2025 11:42:13 AM com.lexso.login.main.Main <init>
INFO: Starting LexSo POS application.
May 22, 2025 11:42:18 AM com.lexso.login.main.Main jButton1ActionPerformed
INFO: Login button clicked. Attempting login for username: Admin
May 22, 2025 11:42:19 AM com.lexso.login.main.Main jButton1ActionPerformed
INFO: Login successful for user: Admin (Email: admin@lexso.com)
May 22, 2025 11:42:19 AM com.lexso.login.main.Main jButton1ActionPerformed
INFO: Remember Me checked. Preference saved for user: Admin
May 22, 2025 11:42:19 AM com.lexso.login.main.Main jButton1ActionPerformed
INFO: Redirected to Dashboard. Login window disposed.
May 22, 2025 11:42:23 AM com.lexso.login.main.Main$7 run
INFO: Auto-login successful for remembered user: Admin
May 22, 2025 11:42:42 AM com.lexso.login.main.Main$7 run
INFO: Auto-login successful for remembered user: Admin
May 22, 2025 11:42:57 AM com.lexso.login.main.Main$7 run
WARNING: Remembered user credentials invalid or not found. Clearing preference.
May 22, 2025 11:42:57 AM com.lexso.login.main.Main <init>
INFO: Starting LexSo POS application.
May 22, 2025 11:43:05 AM com.lexso.login.main.Main jButton1ActionPerformed
INFO: Login button clicked. Attempting login for username: Admin
May 22, 2025 11:43:09 AM com.lexso.login.main.Main jButton1ActionPerformed
WARNING: Login failed for user: Admin. Invalid credentials.
May 23, 2025 1:08:33 AM com.lexso.login.main.Main <init>
INFO: Starting LexSo POS application.
May 23, 2025 1:09:41 AM com.lexso.login.main.Main <init>
INFO: Starting LexSo POS application.
May 23, 2025 2:08:34 AM com.lexso.login.main.Main <init>
INFO: Starting LexSo POS application.
May 23, 2025 2:08:51 AM com.lexso.login.main.Main jButton1ActionPerformed
INFO: Login button clicked. Attempting login for username: GeekHirusha
May 23, 2025 2:08:51 AM com.lexso.login.main.Main jButton1ActionPerformed
INFO: Login successful for user: GeekHirusha (Email: geekhirusha@gmail.com)
May 23, 2025 2:08:51 AM com.lexso.login.main.Main jButton1ActionPerformed
INFO: Remember Me checked. Preference saved for user: GeekHirusha
May 23, 2025 2:08:52 AM com.lexso.login.main.Main jButton1ActionPerformed
INFO: Redirected to Dashboard. Login window disposed.
May 23, 2025 2:10:18 AM com.lexso.login.main.Main$7 run
INFO: Auto-login successful for remembered user: GeekHirusha
May 23, 2025 2:10:22 AM com.lexso.login.main.Main <init>
INFO: Starting LexSo POS application.
May 23, 2025 2:10:24 AM com.lexso.login.main.ForgotPassword <init>
INFO: Starting LexSo POS application Password Reset.
May 23, 2025 2:10:38 AM com.lexso.login.main.ForgotPassword sendOtpEmail
INFO: OTP email sent to: geekhirusha@gmail.com
May 23, 2025 2:10:40 AM com.lexso.login.main.ForgotPassword sendOtpWhatsApp
INFO: OTP WhatsApp message sent to: 94726733332
May 23, 2025 2:10:40 AM com.lexso.login.main.ForgotPassword generateAndSendOTP
INFO: OTP generated and sent for email: geekhirusha@gmail.com
May 23, 2025 2:10:59 AM com.lexso.login.main.ForgotPassword verifyOTP
WARNING: Invalid OTP attempt for email: geekhirusha@gmail.com
May 23, 2025 2:11:08 AM com.lexso.login.main.ForgotPassword verifyOTP
INFO: OTP verified successfully for email: geekhirusha@gmail.com
May 23, 2025 2:11:25 AM com.lexso.login.main.ForgotPassword resetPassword
INFO: Password reset successfully for email: geekhirusha@gmail.com
May 23, 2025 2:11:32 AM com.lexso.login.main.ForgotPassword sendPasswordResetConfirmation
INFO: Password reset confirmation sent to: geekhirusha@gmail.com
May 23, 2025 2:11:32 AM com.lexso.login.main.Main <init>
INFO: Starting LexSo POS application.
May 23, 2025 2:11:42 AM com.lexso.login.main.Main jButton1ActionPerformed
INFO: Login button clicked. Attempting login for username: Admin
May 23, 2025 2:11:42 AM com.lexso.login.main.Main jButton1ActionPerformed
INFO: Login successful for user: Admin (Email: admin@lexso.com)
May 23, 2025 2:11:42 AM com.lexso.login.main.Main jButton1ActionPerformed
INFO: Remember Me unchecked. Preference cleared.
May 23, 2025 2:11:42 AM com.lexso.login.main.Main jButton1ActionPerformed
INFO: Redirected to Dashboard. Login window disposed.
May 23, 2025 2:34:41 AM com.lexso.login.main.Main <init>
INFO: Starting LexSo POS application.
May 23, 2025 2:35:46 AM com.lexso.login.main.Main <init>
INFO: Starting LexSo POS application.
May 23, 2025 9:39:54 AM com.lexso.login.main.Main <init>
INFO: Starting LexSo POS application.
May 23, 2025 9:41:03 AM com.lexso.login.main.Main <init>
INFO: Starting LexSo POS application.
May 23, 2025 9:41:14 AM com.lexso.login.main.Main jButton1ActionPerformed
INFO: Login button clicked. Attempting login for username: GeekHirusha
May 23, 2025 9:41:15 AM com.lexso.login.main.Main jButton1ActionPerformed
WARNING: Login failed for user: GeekHirusha. Invalid credentials.
May 23, 2025 9:41:18 AM com.lexso.login.main.Main jButton1ActionPerformed
INFO: Login button clicked. Attempting login for username: GeekHirusha
May 23, 2025 9:41:18 AM com.lexso.login.main.Main jButton1ActionPerformed
INFO: Login successful for user: GeekHirusha (Email: geekhirusha@gmail.com)
May 23, 2025 9:41:18 AM com.lexso.login.main.Main jButton1ActionPerformed
INFO: Remember Me checked. Preference saved for user: GeekHirusha
May 23, 2025 9:41:18 AM com.lexso.login.main.Main jButton1ActionPerformed
INFO: Redirected to Dashboard. Login window disposed.
May 23, 2025 6:25:52 PM com.lexso.login.main.Main$7 run
INFO: Auto-login successful for remembered user: GeekHirusha
May 23, 2025 6:25:53 PM com.lexso.dashboard.main.DashboardWindow <init>
INFO: Initializing DashboardWindow.
May 23, 2025 11:33:22 PM com.lexso.login.main.Main$7 run
INFO: Auto-login successful for remembered user: GeekHirusha
May 23, 2025 11:33:22 PM com.lexso.dashboard.main.DashboardWindow <init>
INFO: Initializing DashboardWindow.
May 23, 2025 11:33:22 PM com.lexso.dashboard.main.DashboardWindow loadPanel
INFO: Dashboard default content loaded
May 23, 2025 11:33:27 PM com.lexso.dashboard.main.DashboardWindow jPanel7MouseClicked
INFO: jPanel7 (Employees) clicked. Attempting to load EmployeePanel into jPanel11.
May 23, 2025 11:33:27 PM com.lexso.employee.EmployeePanel <init>
INFO: Initializing EmployeePanel.
May 23, 2025 11:33:27 PM com.lexso.employee.EmployeePanel <init>
INFO: EmployeePanel initialized successfully.
May 23, 2025 11:33:27 PM com.lexso.dashboard.main.DashboardWindow loadPanel
INFO: EmployeePanel loaded successfully into jPanel11.
May 23, 2025 11:58:48 PM com.lexso.login.main.Main$7 run
WARNING: Remembered user credentials invalid or not found. Clearing preference.
May 23, 2025 11:58:48 PM com.lexso.login.main.Main <init>
INFO: Starting LexSo POS application.
May 23, 2025 11:58:54 PM com.lexso.login.main.Main jButton1ActionPerformed
INFO: Login button clicked. Attempting login for username: Admin
May 23, 2025 11:58:55 PM com.lexso.login.main.Main jButton1ActionPerformed
WARNING: Login failed for user: Admin. Invalid credentials.
May 23, 2025 11:59:12 PM com.lexso.login.main.Main jButton1ActionPerformed
INFO: Login button clicked. Attempting login for username: Admin
May 23, 2025 11:59:12 PM com.lexso.login.main.Main jButton1ActionPerformed
INFO: Login successful for user: Admin (Email: admin@lexso.com)
May 23, 2025 11:59:12 PM com.lexso.login.main.Main jButton1ActionPerformed
INFO: Remember Me checked. Preference saved for user: Admin
May 23, 2025 11:59:12 PM com.lexso.dashboard.main.DashboardWindow <init>
INFO: Initializing DashboardWindow.
May 23, 2025 11:59:12 PM com.lexso.dashboard.main.DashboardWindow loadPanel
INFO: Dashboard default content loaded
May 23, 2025 11:59:12 PM com.lexso.login.main.Main jButton1ActionPerformed
INFO: Redirected to Dashboard. Login window disposed.
May 23, 2025 11:59:17 PM com.lexso.dashboard.main.DashboardWindow jPanel7MouseClicked
INFO: jPanel7 (Employees) clicked. Attempting to load EmployeePanel into jPanel11.
May 23, 2025 11:59:18 PM com.lexso.employee.EmployeePanel <init>
INFO: Initializing EmployeePanel.
May 23, 2025 11:59:18 PM com.lexso.employee.EmployeePanel <init>
INFO: EmployeePanel initialized successfully.
May 23, 2025 11:59:18 PM com.lexso.dashboard.main.DashboardWindow loadPanel
INFO: EmployeePanel loaded successfully into jPanel11.
May 24, 2025 12:01:30 AM com.lexso.login.main.Main$7 run
INFO: Auto-login successful for remembered user: Admin
May 24, 2025 12:01:31 AM com.lexso.dashboard.main.DashboardWindow <init>
INFO: Initializing DashboardWindow.
May 24, 2025 12:01:31 AM com.lexso.dashboard.main.DashboardWindow loadPanel
INFO: Dashboard default content loaded
May 24, 2025 12:01:33 AM com.lexso.dashboard.main.DashboardWindow jPanel7MouseClicked
INFO: jPanel7 (Employees) clicked. Attempting to load EmployeePanel into jPanel11.
May 24, 2025 12:01:33 AM com.lexso.employee.EmployeePanel <init>
INFO: Initializing EmployeePanel.
May 24, 2025 12:01:33 AM com.lexso.employee.EmployeePanel <init>
INFO: EmployeePanel initialized successfully.
May 24, 2025 12:01:33 AM com.lexso.dashboard.main.DashboardWindow loadPanel
INFO: EmployeePanel loaded successfully into jPanel11.
May 24, 2025 12:01:37 AM com.lexso.dashboard.main.DashboardWindow jPanel7MouseClicked
INFO: jPanel7 (Employees) clicked. Attempting to load EmployeePanel into jPanel11.
May 24, 2025 12:01:37 AM com.lexso.employee.EmployeePanel <init>
INFO: Initializing EmployeePanel.
May 24, 2025 12:01:37 AM com.lexso.employee.EmployeePanel <init>
INFO: EmployeePanel initialized successfully.
May 24, 2025 12:01:37 AM com.lexso.dashboard.main.DashboardWindow loadPanel
INFO: EmployeePanel loaded successfully into jPanel11.
May 24, 2025 12:01:37 AM com.lexso.dashboard.main.DashboardWindow jPanel7MouseClicked
INFO: jPanel7 (Employees) clicked. Attempting to load EmployeePanel into jPanel11.
May 24, 2025 12:01:37 AM com.lexso.employee.EmployeePanel <init>
INFO: Initializing EmployeePanel.
May 24, 2025 12:01:37 AM com.lexso.employee.EmployeePanel <init>
INFO: EmployeePanel initialized successfully.
May 24, 2025 12:01:37 AM com.lexso.dashboard.main.DashboardWindow loadPanel
INFO: EmployeePanel loaded successfully into jPanel11.
May 24, 2025 12:01:38 AM com.lexso.dashboard.main.DashboardWindow jPanel7MouseClicked
INFO: jPanel7 (Employees) clicked. Attempting to load EmployeePanel into jPanel11.
May 24, 2025 12:01:38 AM com.lexso.employee.EmployeePanel <init>
INFO: Initializing EmployeePanel.
May 24, 2025 12:01:38 AM com.lexso.employee.EmployeePanel <init>
INFO: EmployeePanel initialized successfully.
May 24, 2025 12:01:38 AM com.lexso.dashboard.main.DashboardWindow loadPanel
INFO: EmployeePanel loaded successfully into jPanel11.
May 24, 2025 12:01:38 AM com.lexso.dashboard.main.DashboardWindow jPanel7MouseClicked
INFO: jPanel7 (Employees) clicked. Attempting to load EmployeePanel into jPanel11.
May 24, 2025 12:01:38 AM com.lexso.employee.EmployeePanel <init>
INFO: Initializing EmployeePanel.
May 24, 2025 12:01:38 AM com.lexso.employee.EmployeePanel <init>
INFO: EmployeePanel initialized successfully.
May 24, 2025 12:01:38 AM com.lexso.dashboard.main.DashboardWindow loadPanel
INFO: EmployeePanel loaded successfully into jPanel11.
May 24, 2025 12:04:29 AM com.lexso.login.main.Main$7 run
INFO: Auto-login successful for remembered user: Admin
May 24, 2025 12:04:29 AM com.lexso.dashboard.main.DashboardWindow <init>
INFO: Initializing DashboardWindow.
May 24, 2025 12:04:29 AM com.lexso.dashboard.main.DashboardWindow loadPanel
INFO: Dashboard default content loaded
May 24, 2025 12:04:32 AM com.lexso.dashboard.main.DashboardWindow jPanel7MouseClicked
INFO: jPanel7 (Employees) clicked. Attempting to load EmployeePanel into jPanel11.
May 24, 2025 12:04:32 AM com.lexso.employee.EmployeePanel <init>
INFO: Initializing EmployeePanel.
May 24, 2025 12:04:32 AM com.lexso.employee.EmployeePanel <init>
INFO: EmployeePanel initialized successfully.
May 24, 2025 12:04:32 AM com.lexso.dashboard.main.DashboardWindow loadPanel
INFO: EmployeePanel loaded successfully into jPanel11.
May 24, 2025 12:04:32 AM com.lexso.dashboard.main.DashboardWindow jPanel7MouseClicked
INFO: jPanel7 (Employees) clicked. Attempting to load EmployeePanel into jPanel11.
May 24, 2025 12:04:32 AM com.lexso.employee.EmployeePanel <init>
INFO: Initializing EmployeePanel.
May 24, 2025 12:04:32 AM com.lexso.employee.EmployeePanel <init>
INFO: EmployeePanel initialized successfully.
May 24, 2025 12:04:32 AM com.lexso.dashboard.main.DashboardWindow loadPanel
INFO: EmployeePanel loaded successfully into jPanel11.
May 24, 2025 12:13:42 AM com.lexso.login.main.Main$7 run
INFO: Auto-login successful for remembered user: Admin
May 24, 2025 12:13:42 AM com.lexso.dashboard.main.DashboardWindow <init>
INFO: Initializing DashboardWindow.
May 24, 2025 12:13:44 AM com.lexso.dashboard.main.DashboardWindow jPanel7MouseClicked
INFO: jPanel7 (Employees) clicked. Attempting to load EmployeePanel into jPanel11.
May 24, 2025 12:13:44 AM com.lexso.employee.EmployeePanel <init>
INFO: Initializing EmployeePanel.
May 24, 2025 12:13:44 AM com.lexso.employee.EmployeePanel <init>
INFO: EmployeePanel initialized successfully.
May 24, 2025 12:13:44 AM com.lexso.dashboard.main.DashboardWindow loadPanel
INFO: EmployeePanel loaded successfully into jPanel11.
May 24, 2025 12:13:47 AM com.lexso.dashboard.main.DashboardWindow jPanel7MouseClicked
INFO: jPanel7 (Employees) clicked. Attempting to load EmployeePanel into jPanel11.
May 24, 2025 12:13:47 AM com.lexso.employee.EmployeePanel <init>
INFO: Initializing EmployeePanel.
May 24, 2025 12:13:47 AM com.lexso.employee.EmployeePanel <init>
INFO: EmployeePanel initialized successfully.
May 24, 2025 12:13:47 AM com.lexso.dashboard.main.DashboardWindow loadPanel
INFO: EmployeePanel loaded successfully into jPanel11.
May 24, 2025 12:14:22 AM com.lexso.login.main.Main$7 run
INFO: Auto-login successful for remembered user: Admin
May 24, 2025 12:14:23 AM com.lexso.dashboard.main.DashboardWindow <init>
INFO: Initializing DashboardWindow.
May 24, 2025 12:14:27 AM com.lexso.dashboard.main.DashboardWindow jPanel7MouseClicked
INFO: jPanel7 (Employees) clicked. Attempting to load EmployeePanel into jPanel11.
May 24, 2025 12:14:27 AM com.lexso.employee.EmployeePanel <init>
INFO: Initializing EmployeePanel.
May 24, 2025 12:14:27 AM com.lexso.employee.EmployeePanel <init>
INFO: EmployeePanel initialized successfully.
May 24, 2025 12:14:27 AM com.lexso.dashboard.main.DashboardWindow loadPanel
INFO: EmployeePanel loaded successfully into jPanel11.
May 24, 2025 12:14:29 AM com.lexso.dashboard.main.DashboardWindow jPanel7MouseClicked
INFO: jPanel7 (Employees) clicked. Attempting to load EmployeePanel into jPanel11.
May 24, 2025 12:14:29 AM com.lexso.employee.EmployeePanel <init>
INFO: Initializing EmployeePanel.
May 24, 2025 12:14:29 AM com.lexso.employee.EmployeePanel <init>
INFO: EmployeePanel initialized successfully.
May 24, 2025 12:14:29 AM com.lexso.dashboard.main.DashboardWindow loadPanel
INFO: EmployeePanel loaded successfully into jPanel11.
May 24, 2025 12:15:18 AM com.lexso.login.main.Main$7 run
INFO: Auto-login successful for remembered user: Admin
May 24, 2025 12:15:18 AM com.lexso.dashboard.main.DashboardWindow <init>
INFO: Initializing DashboardWindow.
May 24, 2025 12:15:20 AM com.lexso.dashboard.main.DashboardWindow jPanel7MouseClicked
INFO: jPanel7 (Employees) clicked. Attempting to load EmployeePanel into jPanel11.
May 24, 2025 12:15:20 AM com.lexso.employee.EmployeePanel <init>
INFO: Initializing EmployeePanel.
May 24, 2025 12:15:20 AM com.lexso.employee.EmployeePanel <init>
INFO: EmployeePanel initialized successfully.
May 24, 2025 12:15:20 AM com.lexso.dashboard.main.DashboardWindow loadPanel
INFO: EmployeePanel loaded successfully into jPanel11.
May 24, 2025 12:15:21 AM com.lexso.dashboard.main.DashboardWindow jPanel7MouseClicked
INFO: jPanel7 (Employees) clicked. Attempting to load EmployeePanel into jPanel11.
May 24, 2025 12:15:21 AM com.lexso.employee.EmployeePanel <init>
INFO: Initializing EmployeePanel.
May 24, 2025 12:15:21 AM com.lexso.employee.EmployeePanel <init>
INFO: EmployeePanel initialized successfully.
May 24, 2025 12:15:21 AM com.lexso.dashboard.main.DashboardWindow loadPanel
INFO: EmployeePanel loaded successfully into jPanel11.
May 24, 2025 12:18:18 AM com.lexso.login.main.Main$7 run
INFO: Auto-login successful for remembered user: Admin
May 24, 2025 12:18:18 AM com.lexso.dashboard.main.DashboardWindow <init>
INFO: Initializing DashboardWindow.
May 24, 2025 12:18:20 AM com.lexso.dashboard.main.DashboardWindow jPanel7MouseClicked
INFO: jPanel7 (Employees) clicked. Attempting to load EmployeePanel into jPanel11.
May 24, 2025 12:18:20 AM com.lexso.employee.EmployeePanel <init>
INFO: Initializing EmployeePanel.
May 24, 2025 12:18:20 AM com.lexso.employee.EmployeePanel <init>
INFO: EmployeePanel initialized successfully.
May 24, 2025 12:18:20 AM com.lexso.dashboard.main.DashboardWindow loadPanel
INFO: EmployeePanel loaded successfully into jPanel11.
May 24, 2025 12:21:01 AM com.lexso.login.main.Main$7 run
INFO: Auto-login successful for remembered user: Admin
May 24, 2025 12:21:01 AM com.lexso.dashboard.main.DashboardWindow <init>
INFO: Initializing DashboardWindow.
May 24, 2025 12:21:05 AM com.lexso.dashboard.main.DashboardWindow jPanel7MouseClicked
INFO: jPanel7 (Employees) clicked. Attempting to load EmployeePanel into jPanel11.
May 24, 2025 12:21:05 AM com.lexso.employee.EmployeePanel <init>
INFO: Initializing EmployeePanel.
May 24, 2025 12:21:05 AM com.lexso.employee.EmployeePanel <init>
INFO: EmployeePanel initialized successfully.
May 24, 2025 12:21:05 AM com.lexso.dashboard.main.DashboardWindow loadPanel
INFO: EmployeePanel loaded successfully into jPanel11.
May 24, 2025 12:34:08 AM com.lexso.login.main.Main$7 run
INFO: Auto-login successful for remembered user: Admin
May 24, 2025 12:34:08 AM com.lexso.dashboard.main.DashboardWindow <init>
INFO: Initializing DashboardWindow.
May 24, 2025 12:34:11 AM com.lexso.dashboard.main.DashboardWindow jPanel7MouseClicked
INFO: jPanel7 (Employees) clicked. Attempting to load EmployeePanel into jPanel11.
May 24, 2025 12:34:11 AM com.lexso.employee.EmployeePanel <init>
INFO: Initializing EmployeePanel.
May 24, 2025 12:34:11 AM com.lexso.employee.EmployeePanel <init>
INFO: EmployeePanel initialized successfully.
May 24, 2025 12:34:15 AM com.lexso.dashboard.main.DashboardWindow jPanel7MouseClicked
INFO: jPanel7 (Employees) clicked. Attempting to load EmployeePanel into jPanel11.
May 24, 2025 12:34:15 AM com.lexso.employee.EmployeePanel <init>
INFO: Initializing EmployeePanel.
May 24, 2025 12:34:15 AM com.lexso.employee.EmployeePanel <init>
INFO: EmployeePanel initialized successfully.
May 24, 2025 12:34:22 AM com.lexso.dashboard.main.DashboardWindow jPanel7MouseClicked
INFO: jPanel7 (Employees) clicked. Attempting to load EmployeePanel into jPanel11.
May 24, 2025 12:34:22 AM com.lexso.employee.EmployeePanel <init>
INFO: Initializing EmployeePanel.
May 24, 2025 12:34:22 AM com.lexso.employee.EmployeePanel <init>
INFO: EmployeePanel initialized successfully.
May 24, 2025 12:35:19 AM com.lexso.login.main.Main$7 run
INFO: Auto-login successful for remembered user: Admin
May 24, 2025 12:35:19 AM com.lexso.dashboard.main.DashboardWindow <init>
INFO: Initializing DashboardWindow.
May 24, 2025 12:35:26 AM com.lexso.dashboard.main.DashboardWindow jPanel7MouseClicked
INFO: jPanel7 (Employees) clicked. Attempting to load EmployeePanel into jPanel11.
May 24, 2025 12:35:26 AM com.lexso.employee.EmployeePanel <init>
INFO: Initializing EmployeePanel.
May 24, 2025 12:35:26 AM com.lexso.employee.EmployeePanel <init>
INFO: EmployeePanel initialized successfully.
May 24, 2025 12:35:26 AM com.lexso.dashboard.main.DashboardWindow loadPanel
INFO: EmployeePanel loaded successfully into jPanel11.
May 24, 2025 12:35:51 AM com.lexso.dashboard.main.DashboardWindow <init>
INFO: Initializing DashboardWindow.
May 24, 2025 12:35:52 AM com.lexso.dashboard.main.DashboardWindow <init>
INFO: Initializing DashboardWindow.
May 24, 2025 12:36:08 AM com.lexso.login.main.Main$7 run
INFO: Auto-login successful for remembered user: Admin
May 24, 2025 12:36:08 AM com.lexso.dashboard.main.DashboardWindow <init>
INFO: Initializing DashboardWindow.
May 24, 2025 12:36:13 AM com.lexso.dashboard.main.DashboardWindow jPanel7MouseClicked
INFO: jPanel7 (Employees) clicked. Attempting to load EmployeePanel into jPanel11.
May 24, 2025 12:36:13 AM com.lexso.employee.EmployeePanel <init>
INFO: Initializing EmployeePanel.
May 24, 2025 12:36:13 AM com.lexso.employee.EmployeePanel <init>
INFO: EmployeePanel initialized successfully.
May 24, 2025 12:36:13 AM com.lexso.dashboard.main.DashboardWindow loadPanel
INFO: EmployeePanel loaded successfully into jPanel11.
May 24, 2025 12:40:14 AM com.lexso.login.main.Main$7 run
INFO: Auto-login successful for remembered user: Admin
May 24, 2025 12:40:14 AM com.lexso.dashboard.main.DashboardWindow <init>
INFO: Initializing DashboardWindow.
May 24, 2025 12:40:17 AM com.lexso.dashboard.main.DashboardWindow jPanel7MouseClicked
INFO: jPanel7 (Employees) clicked. Attempting to load EmployeePanel into jPanel11.
May 24, 2025 12:40:17 AM com.lexso.employee.EmployeePanel <init>
INFO: Initializing EmployeePanel.
May 24, 2025 12:40:17 AM com.lexso.employee.EmployeePanel <init>
INFO: EmployeePanel initialized successfully.
May 24, 2025 12:40:17 AM com.lexso.dashboard.main.DashboardWindow loadPanel
INFO: EmployeePanel loaded successfully into jPanel11.
May 24, 2025 12:41:23 AM com.lexso.login.main.Main$7 run
INFO: Auto-login successful for remembered user: Admin
May 24, 2025 12:41:23 AM com.lexso.dashboard.main.DashboardWindow <init>
INFO: Initializing DashboardWindow.
May 24, 2025 12:41:25 AM com.lexso.dashboard.main.DashboardWindow jPanel7MouseClicked
INFO: jPanel7 (Employees) clicked. Attempting to load EmployeePanel into jPanel11.
May 24, 2025 12:41:25 AM com.lexso.employee.EmployeePanel <init>
INFO: Initializing EmployeePanel.
May 24, 2025 12:41:25 AM com.lexso.employee.EmployeePanel <init>
INFO: EmployeePanel initialized successfully.
May 24, 2025 12:41:25 AM com.lexso.dashboard.main.DashboardWindow loadPanel
INFO: EmployeePanel loaded successfully into jPanel11.
May 24, 2025 12:43:35 AM com.lexso.login.main.Main$7 run
INFO: Auto-login successful for remembered user: Admin
May 24, 2025 12:43:35 AM com.lexso.dashboard.main.DashboardWindow <init>
INFO: Initializing DashboardWindow.
May 24, 2025 12:43:37 AM com.lexso.dashboard.main.DashboardWindow jPanel7MouseClicked
INFO: jPanel7 (Employees) clicked. Attempting to load EmployeePanel into jPanel11.
May 24, 2025 12:43:37 AM com.lexso.employee.EmployeePanel <init>
INFO: Initializing EmployeePanel.
May 24, 2025 12:43:37 AM com.lexso.employee.EmployeePanel <init>
INFO: EmployeePanel initialized successfully.
May 24, 2025 12:43:37 AM com.lexso.dashboard.main.DashboardWindow loadPanel
INFO: EmployeePanel loaded successfully into jPanel11.
May 24, 2025 1:08:07 AM com.lexso.login.main.Main$7 run
INFO: Auto-login successful for remembered user: Admin
May 24, 2025 1:08:07 AM com.lexso.dashboard.main.DashboardWindow <init>
INFO: Initializing DashboardWindow.
May 24, 2025 1:08:10 AM com.lexso.dashboard.main.DashboardWindow jPanel7MouseClicked
INFO: jPanel7 (Employees) clicked. Attempting to load EmployeePanel into jPanel11.
May 24, 2025 1:08:10 AM com.lexso.employee.EmployeePanel <init>
INFO: Initializing EmployeePanel.
May 24, 2025 1:08:10 AM com.lexso.employee.EmployeePanel <init>
INFO: EmployeePanel initialized successfully.
May 24, 2025 1:08:10 AM com.lexso.dashboard.main.DashboardWindow loadPanel
INFO: EmployeePanel loaded successfully into jPanel11.
May 24, 2025 1:08:17 AM com.lexso.login.main.Main$7 run
INFO: Auto-login successful for remembered user: Admin
May 24, 2025 1:08:17 AM com.lexso.dashboard.main.DashboardWindow <init>
INFO: Initializing DashboardWindow.
May 24, 2025 11:56:29 AM com.lexso.login.main.Main$7 run
INFO: Auto-login successful for remembered user: Admin
May 24, 2025 11:56:29 AM com.lexso.dashboard.main.DashboardWindow <init>
INFO: Initializing DashboardWindow.
May 24, 2025 11:56:35 AM com.lexso.employee.EmployeePanel <init>
INFO: Initializing EmployeePanel.
May 24, 2025 11:56:35 AM com.lexso.employee.EmployeePanel <init>
INFO: EmployeePanel initialized successfully.
May 24, 2025 11:58:23 AM com.lexso.login.main.Main$7 run
INFO: Auto-login successful for remembered user: Admin
May 24, 2025 11:58:23 AM com.lexso.dashboard.main.DashboardWindow <init>
INFO: Initializing DashboardWindow.
May 24, 2025 11:58:26 AM com.lexso.employee.EmployeePanel <init>
INFO: Initializing EmployeePanel.
May 24, 2025 11:58:26 AM com.lexso.employee.EmployeePanel <init>
INFO: EmployeePanel initialized successfully.
May 24, 2025 12:10:58 PM com.lexso.login.main.Main$7 run
INFO: Auto-login successful for remembered user: Admin
May 24, 2025 12:10:58 PM com.lexso.dashboard.main.DashboardWindow <init>
INFO: Initializing DashboardWindow.
May 24, 2025 12:11:02 PM com.lexso.dashboard.main.DashboardWindow jPanel7MouseClicked
INFO: jPanel7 (Employees) clicked. Attempting to load EmployeePanel into jPanel11.
May 24, 2025 12:11:02 PM com.lexso.employee.EmployeePanel <init>
INFO: Initializing EmployeePanel.
May 24, 2025 12:11:02 PM com.lexso.employee.EmployeePanel <init>
INFO: EmployeePanel initialized successfully.
May 24, 2025 12:11:02 PM com.lexso.dashboard.main.DashboardWindow loadPanel
INFO: EmployeePanel loaded successfully into jPanel11.
May 24, 2025 8:33:12 PM com.lexso.login.main.Main$7 run
INFO: Auto-login successful for remembered user: Admin
May 24, 2025 8:33:12 PM com.lexso.dashboard.main.DashboardWindow <init>
INFO: Initializing DashboardWindow.
May 24, 2025 8:33:22 PM com.lexso.dashboard.main.DashboardWindow jPanel7MouseClicked
INFO: jPanel7 (Employees) clicked. Attempting to load EmployeePanel into jPanel11.
May 24, 2025 8:33:22 PM com.lexso.employee.EmployeePanel <init>
INFO: Initializing EmployeePanel.
May 24, 2025 8:33:22 PM com.lexso.employee.EmployeePanel <init>
INFO: EmployeePanel initialized successfully.
May 24, 2025 8:33:22 PM com.lexso.dashboard.main.DashboardWindow loadPanel
INFO: EmployeePanel loaded successfully into jPanel11.
May 25, 2025 1:29:06 AM com.lexso.login.main.Main$7 run
INFO: Auto-login successful for remembered user: Admin
May 25, 2025 1:29:06 AM com.lexso.dashboard.main.DashboardWindow <init>
INFO: Initializing DashboardWindow.
May 25, 2025 1:29:08 AM com.lexso.dashboard.main.DashboardWindow jPanel7MouseClicked
INFO: jPanel7 (Employees) clicked. Attempting to load EmployeePanel into jPanel11.
May 25, 2025 1:29:08 AM com.lexso.employee.EmployeePanel <init>
INFO: Initializing EmployeePanel.
May 25, 2025 1:29:08 AM com.lexso.employee.EmployeePanel <init>
INFO: EmployeePanel initialized successfully.
May 25, 2025 1:29:08 AM com.lexso.dashboard.main.DashboardWindow loadPanel
INFO: EmployeePanel loaded successfully into jPanel11.
May 25, 2025 1:31:12 AM com.lexso.login.main.Main$7 run
INFO: Auto-login successful for remembered user: Admin
May 25, 2025 1:31:12 AM com.lexso.dashboard.main.DashboardWindow <init>
INFO: Initializing DashboardWindow.
May 25, 2025 1:31:14 AM com.lexso.dashboard.main.DashboardWindow jPanel7MouseClicked
INFO: jPanel7 (Employees) clicked. Attempting to load EmployeePanel into jPanel11.
May 25, 2025 1:31:14 AM com.lexso.employee.EmployeePanel <init>
INFO: Initializing EmployeePanel.
May 25, 2025 1:31:14 AM com.lexso.employee.EmployeePanel <init>
INFO: EmployeePanel initialized successfully.
May 25, 2025 1:31:14 AM com.lexso.dashboard.main.DashboardWindow loadPanel
INFO: EmployeePanel loaded successfully into jPanel11.
May 25, 2025 1:38:44 AM com.lexso.login.main.Main$7 run
INFO: Auto-login successful for remembered user: Admin
May 25, 2025 1:38:44 AM com.lexso.dashboard.main.DashboardWindow <init>
INFO: Initializing DashboardWindow.
May 25, 2025 1:38:46 AM com.lexso.dashboard.main.DashboardWindow jPanel7MouseClicked
INFO: jPanel7 (Employees) clicked. Attempting to load EmployeePanel into jPanel11.
May 25, 2025 1:38:46 AM com.lexso.employee.EmployeePanel <init>
INFO: Initializing EmployeePanel.
May 25, 2025 1:38:46 AM com.lexso.employee.EmployeePanel <init>
INFO: EmployeePanel initialized successfully.
May 25, 2025 1:38:46 AM com.lexso.dashboard.main.DashboardWindow loadPanel
INFO: EmployeePanel loaded successfully into jPanel11.
May 25, 2025 1:39:04 AM com.lexso.dashboard.main.DashboardWindow jPanel7MouseClicked
INFO: jPanel7 (Employees) clicked. Attempting to load EmployeePanel into jPanel11.
May 25, 2025 1:39:04 AM com.lexso.employee.EmployeePanel <init>
INFO: Initializing EmployeePanel.
May 25, 2025 1:39:04 AM com.lexso.employee.EmployeePanel <init>
INFO: EmployeePanel initialized successfully.
May 25, 2025 1:39:04 AM com.lexso.dashboard.main.DashboardWindow loadPanel
INFO: EmployeePanel loaded successfully into jPanel11.
May 25, 2025 1:39:42 AM com.lexso.dashboard.main.DashboardWindow jPanel7MouseClicked
INFO: jPanel7 (Employees) clicked. Attempting to load EmployeePanel into jPanel11.
May 25, 2025 1:39:42 AM com.lexso.employee.EmployeePanel <init>
INFO: Initializing EmployeePanel.
May 25, 2025 1:39:42 AM com.lexso.employee.EmployeePanel <init>
INFO: EmployeePanel initialized successfully.
May 25, 2025 1:39:42 AM com.lexso.dashboard.main.DashboardWindow loadPanel
INFO: EmployeePanel loaded successfully into jPanel11.
May 25, 2025 1:39:49 AM com.lexso.dashboard.main.DashboardWindow jPanel7MouseClicked
INFO: jPanel7 (Employees) clicked. Attempting to load EmployeePanel into jPanel11.
May 25, 2025 1:39:49 AM com.lexso.employee.EmployeePanel <init>
INFO: Initializing EmployeePanel.
May 25, 2025 1:39:49 AM com.lexso.employee.EmployeePanel <init>
INFO: EmployeePanel initialized successfully.
May 25, 2025 1:39:49 AM com.lexso.dashboard.main.DashboardWindow loadPanel
INFO: EmployeePanel loaded successfully into jPanel11.
May 25, 2025 12:00:05 PM com.lexso.login.main.Main$7 run
INFO: Auto-login successful for remembered user: Admin
May 25, 2025 12:00:05 PM com.lexso.dashboard.main.DashboardWindow <init>
INFO: Initializing DashboardWindow.
May 25, 2025 12:00:09 PM com.lexso.dashboard.main.DashboardWindow jPanel7MouseClicked
INFO: jPanel7 (Employees) clicked. Attempting to load EmployeePanel into jPanel11.
May 25, 2025 12:00:09 PM com.lexso.employee.EmployeePanel <init>
INFO: Initializing EmployeePanel.
May 25, 2025 12:00:09 PM com.lexso.employee.EmployeePanel <init>
INFO: EmployeePanel initialized successfully.
May 25, 2025 12:00:09 PM com.lexso.dashboard.main.DashboardWindow loadPanel
INFO: EmployeePanel loaded successfully into jPanel11.
May 25, 2025 12:00:34 PM com.lexso.login.main.Main$7 run
INFO: Auto-login successful for remembered user: Admin
May 25, 2025 12:00:34 PM com.lexso.dashboard.main.DashboardWindow <init>
INFO: Initializing DashboardWindow.
May 25, 2025 12:05:29 PM com.lexso.login.main.Main$7 run
INFO: Auto-login successful for remembered user: Admin
May 25, 2025 12:05:30 PM com.lexso.dashboard.main.DashboardWindow <init>
INFO: Initializing DashboardWindow.
May 25, 2025 5:07:13 PM com.lexso.login.main.Main$7 run
INFO: Auto-login successful for remembered user: Admin
May 25, 2025 5:07:14 PM com.lexso.dashboard.main.DashboardWindow <init>
INFO: Initializing DashboardWindow.
May 25, 2025 5:11:44 PM com.lexso.login.main.Main$7 run
INFO: Auto-login successful for remembered user: Admin
May 25, 2025 5:11:44 PM com.lexso.dashboard.main.DashboardWindow <init>
INFO: Initializing DashboardWindow.
May 25, 2025 5:44:37 PM com.lexso.login.main.Main$7 run
INFO: Auto-login successful for remembered user: Admin
May 25, 2025 5:44:37 PM com.lexso.dashboard.main.DashboardWindow <init>
INFO: Initializing DashboardWindow.
May 25, 2025 5:44:40 PM com.lexso.dashboard.main.DashboardWindow loadPanel
INFO: SettingsPanel loaded successfully into jPanel11.
May 25, 2025 5:46:17 PM com.lexso.login.main.Main$7 run
INFO: Auto-login successful for remembered user: Admin
May 25, 2025 5:46:17 PM com.lexso.dashboard.main.DashboardWindow <init>
INFO: Initializing DashboardWindow.
May 25, 2025 5:46:20 PM com.lexso.dashboard.main.DashboardWindow loadPanel
INFO: SettingsPanel loaded successfully into jPanel11.
May 25, 2025 5:54:29 PM com.lexso.login.main.Main$7 run
INFO: Auto-login successful for remembered user: Admin
May 25, 2025 5:54:29 PM com.lexso.dashboard.main.DashboardWindow <init>
INFO: Initializing DashboardWindow.
May 25, 2025 5:54:32 PM com.lexso.dashboard.main.DashboardWindow loadPanel
INFO: SettingsPanel loaded successfully into jPanel11.
May 25, 2025 5:56:25 PM com.lexso.login.main.Main$7 run
INFO: Auto-login successful for remembered user: Admin
May 25, 2025 5:56:25 PM com.lexso.dashboard.main.DashboardWindow <init>
INFO: Initializing DashboardWindow.
May 25, 2025 5:56:27 PM com.lexso.dashboard.main.DashboardWindow loadPanel
INFO: SettingsPanel loaded successfully into jPanel11.
May 25, 2025 5:58:03 PM com.lexso.login.main.Main$7 run
INFO: Auto-login successful for remembered user: Admin
May 25, 2025 5:58:03 PM com.lexso.dashboard.main.DashboardWindow <init>
INFO: Initializing DashboardWindow.
May 25, 2025 5:58:06 PM com.lexso.dashboard.main.DashboardWindow loadPanel
INFO: SettingsPanel loaded successfully into jPanel11.
May 25, 2025 6:15:11 PM com.lexso.login.main.Main$7 run
INFO: Auto-login successful for remembered user: Admin
May 25, 2025 6:15:11 PM com.lexso.dashboard.main.DashboardWindow <init>
INFO: Initializing DashboardWindow.
May 25, 2025 6:15:14 PM com.lexso.dashboard.main.DashboardWindow loadPanel
INFO: SettingsPanel loaded successfully into jPanel11.
May 25, 2025 6:16:08 PM com.lexso.login.main.Main$7 run
INFO: Auto-login successful for remembered user: Admin
May 25, 2025 6:16:08 PM com.lexso.dashboard.main.DashboardWindow <init>
INFO: Initializing DashboardWindow.
May 25, 2025 6:16:11 PM com.lexso.dashboard.main.DashboardWindow loadPanel
INFO: SettingsPanel loaded successfully into jPanel11.
May 25, 2025 6:16:48 PM com.lexso.login.main.Main$7 run
INFO: Auto-login successful for remembered user: Admin
May 25, 2025 6:16:48 PM com.lexso.dashboard.main.DashboardWindow <init>
INFO: Initializing DashboardWindow.
May 25, 2025 6:16:52 PM com.lexso.dashboard.main.DashboardWindow loadPanel
INFO: SettingsPanel loaded successfully into jPanel11.
May 25, 2025 6:17:32 PM com.lexso.login.main.Main$7 run
INFO: Auto-login successful for remembered user: Admin
May 25, 2025 6:17:32 PM com.lexso.dashboard.main.DashboardWindow <init>
INFO: Initializing DashboardWindow.
May 25, 2025 6:17:34 PM com.lexso.dashboard.main.DashboardWindow loadPanel
INFO: SettingsPanel loaded successfully into jPanel11.
May 25, 2025 6:17:35 PM com.lexso.dashboard.main.DashboardWindow loadPanel
INFO: SettingsPanel loaded successfully into jPanel11.
May 25, 2025 6:17:35 PM com.lexso.dashboard.main.DashboardWindow loadPanel
INFO: SettingsPanel loaded successfully into jPanel11.
May 25, 2025 6:22:06 PM com.lexso.login.main.Main$7 run
INFO: Auto-login successful for remembered user: Admin
May 25, 2025 6:22:06 PM com.lexso.dashboard.main.DashboardWindow <init>
INFO: Initializing DashboardWindow.
May 25, 2025 6:22:11 PM com.lexso.dashboard.main.DashboardWindow loadPanel
INFO: SettingsPanel loaded successfully into jPanel11.
May 25, 2025 6:22:57 PM com.lexso.login.main.Main$7 run
INFO: Auto-login successful for remembered user: Admin
May 25, 2025 6:22:57 PM com.lexso.dashboard.main.DashboardWindow <init>
INFO: Initializing DashboardWindow.
May 25, 2025 6:23:00 PM com.lexso.dashboard.main.DashboardWindow loadPanel
INFO: SettingsPanel loaded successfully into jPanel11.
May 25, 2025 6:23:29 PM com.lexso.login.main.Main$7 run
INFO: Auto-login successful for remembered user: Admin
May 25, 2025 6:23:29 PM com.lexso.dashboard.main.DashboardWindow <init>
INFO: Initializing DashboardWindow.
May 25, 2025 6:23:32 PM com.lexso.dashboard.main.DashboardWindow loadPanel
INFO: SettingsPanel loaded successfully into jPanel11.
May 25, 2025 6:24:21 PM com.lexso.login.main.Main$7 run
INFO: Auto-login successful for remembered user: Admin
May 25, 2025 6:24:21 PM com.lexso.dashboard.main.DashboardWindow <init>
INFO: Initializing DashboardWindow.
May 25, 2025 6:24:24 PM com.lexso.dashboard.main.DashboardWindow loadPanel
INFO: SettingsPanel loaded successfully into jPanel11.
May 25, 2025 6:25:39 PM com.lexso.login.main.Main$7 run
INFO: Auto-login successful for remembered user: Admin
May 25, 2025 6:25:39 PM com.lexso.dashboard.main.DashboardWindow <init>
INFO: Initializing DashboardWindow.
May 25, 2025 6:31:52 PM com.lexso.login.main.Main$7 run
INFO: Auto-login successful for remembered user: Admin
May 25, 2025 6:31:52 PM com.lexso.dashboard.main.DashboardWindow <init>
INFO: Initializing DashboardWindow.
May 25, 2025 6:31:55 PM com.lexso.dashboard.main.DashboardWindow loadPanel
INFO: SettingsPanel loaded successfully into jPanel11.
May 25, 2025 6:32:53 PM com.lexso.dashboard.main.DashboardWindow <init>
INFO: Initializing DashboardWindow.
May 25, 2025 6:32:56 PM com.lexso.dashboard.main.DashboardWindow loadPanel
INFO: SettingsPanel loaded successfully into jPanel11.
May 25, 2025 6:33:04 PM com.lexso.dashboard.main.DashboardWindow <init>
INFO: Initializing DashboardWindow.
May 25, 2025 6:33:06 PM com.lexso.dashboard.main.DashboardWindow loadPanel
INFO: SettingsPanel loaded successfully into jPanel11.
May 25, 2025 6:33:24 PM com.lexso.dashboard.main.DashboardWindow <init>
INFO: Initializing DashboardWindow.
May 25, 2025 6:33:26 PM com.lexso.dashboard.main.DashboardWindow loadPanel
INFO: SettingsPanel loaded successfully into jPanel11.
May 25, 2025 6:41:54 PM com.lexso.login.main.Main$7 run
INFO: Auto-login successful for remembered user: Admin
May 25, 2025 6:41:54 PM com.lexso.dashboard.main.DashboardWindow <init>
INFO: Initializing DashboardWindow.
May 25, 2025 6:43:35 PM com.lexso.login.main.Main$7 run
INFO: Auto-login successful for remembered user: Admin
May 25, 2025 6:43:35 PM com.lexso.dashboard.main.DashboardWindow <init>
INFO: Initializing DashboardWindow.
May 25, 2025 6:47:04 PM com.lexso.login.main.Main$7 run
INFO: Auto-login successful for remembered user: Admin
May 25, 2025 6:47:05 PM com.lexso.dashboard.main.DashboardWindow <init>
INFO: Initializing DashboardWindow.
May 25, 2025 6:47:09 PM com.lexso.dashboard.main.DashboardWindow loadPanel
INFO: SettingsPanel loaded successfully into jPanel11.
May 25, 2025 6:48:43 PM com.lexso.login.main.Main$7 run
INFO: Auto-login successful for remembered user: Admin
May 25, 2025 6:48:43 PM com.lexso.dashboard.main.DashboardWindow <init>
INFO: Initializing DashboardWindow.
May 25, 2025 6:48:47 PM com.lexso.dashboard.main.DashboardWindow loadPanel
INFO: SettingsPanel loaded successfully into jPanel11.
May 25, 2025 7:00:19 PM com.lexso.login.main.Main$7 run
INFO: Auto-login successful for remembered user: Admin
May 25, 2025 7:00:19 PM com.lexso.dashboard.main.DashboardWindow <init>
INFO: Initializing DashboardWindow.
May 25, 2025 7:00:53 PM com.lexso.dashboard.main.DashboardWindow loadPanel
INFO: SettingsPanel loaded successfully into jPanel11.
May 25, 2025 7:01:00 PM com.lexso.dashboard.main.DashboardWindow <init>
INFO: Initializing DashboardWindow.
May 25, 2025 7:01:02 PM com.lexso.dashboard.main.DashboardWindow loadPanel
INFO: SettingsPanel loaded successfully into jPanel11.
May 25, 2025 7:02:17 PM com.lexso.login.main.Main$7 run
INFO: Auto-login successful for remembered user: Admin
May 25, 2025 7:02:17 PM com.lexso.dashboard.main.DashboardWindow <init>
INFO: Initializing DashboardWindow.
May 25, 2025 7:02:21 PM com.lexso.login.main.Main <init>
INFO: Starting LexSo POS application.
May 25, 2025 7:03:06 PM com.lexso.login.main.Main$7 run
INFO: Auto-login successful for remembered user: Admin
May 25, 2025 7:03:06 PM com.lexso.dashboard.main.DashboardWindow <init>
INFO: Initializing DashboardWindow.
May 25, 2025 7:03:08 PM com.lexso.login.main.Main <init>
INFO: Starting LexSo POS application.
May 25, 2025 7:09:04 PM com.lexso.login.main.Main$7 run
INFO: Auto-login successful for remembered user: Admin
May 25, 2025 7:09:04 PM com.lexso.dashboard.main.DashboardWindow <init>
INFO: Initializing DashboardWindow.
May 25, 2025 7:09:07 PM com.lexso.dashboard.main.DashboardWindow loadPanel
INFO: SettingsPanel loaded successfully into jPanel11.
May 25, 2025 7:09:09 PM com.lexso.dashboard.main.DashboardWindow loadPanel
INFO: SettingsPanel refreshed successfully into jPanel11.
May 25, 2025 7:09:09 PM com.lexso.dashboard.main.DashboardWindow refreshLabelMouseClicked
INFO: Dashboard UI refreshed successfully on refresh label click.
May 25, 2025 7:09:11 PM com.lexso.dashboard.main.DashboardWindow loadPanel
INFO: SettingsPanel refreshed successfully into jPanel11.
May 25, 2025 7:09:11 PM com.lexso.dashboard.main.DashboardWindow refreshLabelMouseClicked
INFO: Dashboard UI refreshed successfully on refresh label click.
May 25, 2025 7:09:17 PM com.lexso.dashboard.main.DashboardWindow loadPanel
INFO: SettingsPanel refreshed successfully into jPanel11.
May 25, 2025 7:09:17 PM com.lexso.dashboard.main.DashboardWindow refreshLabelMouseClicked
INFO: Dashboard UI refreshed successfully on refresh label click.
May 25, 2025 7:52:42 PM com.lexso.login.main.Main$7 run
INFO: Auto-login successful for remembered user: Admin
May 25, 2025 7:52:42 PM com.lexso.dashboard.main.DashboardWindow <init>
INFO: Initializing DashboardWindow.
May 25, 2025 7:52:46 PM com.lexso.dashboard.main.DashboardWindow loadPanel
INFO: SettingsPanel loaded successfully into jPanel11.
May 25, 2025 7:54:11 PM com.lexso.login.main.Main$7 run
INFO: Auto-login successful for remembered user: Admin
May 25, 2025 7:54:11 PM com.lexso.dashboard.main.DashboardWindow <init>
INFO: Initializing DashboardWindow.
May 25, 2025 7:54:15 PM com.lexso.dashboard.main.DashboardWindow loadPanel
INFO: SettingsPanel loaded successfully into jPanel11.
May 25, 2025 7:55:06 PM com.lexso.login.main.Main$7 run
INFO: Auto-login successful for remembered user: Admin
May 25, 2025 7:55:06 PM com.lexso.dashboard.main.DashboardWindow <init>
INFO: Initializing DashboardWindow.
May 25, 2025 7:55:09 PM com.lexso.dashboard.main.DashboardWindow loadPanel
INFO: SettingsPanel loaded successfully into jPanel11.
May 25, 2025 7:55:27 PM com.lexso.login.main.Main$7 run
INFO: Auto-login successful for remembered user: Admin
May 25, 2025 7:55:27 PM com.lexso.dashboard.main.DashboardWindow <init>
INFO: Initializing DashboardWindow.
May 25, 2025 7:55:29 PM com.lexso.dashboard.main.DashboardWindow loadPanel
INFO: SettingsPanel loaded successfully into jPanel11.
May 25, 2025 7:55:44 PM com.lexso.login.main.Main$7 run
INFO: Auto-login successful for remembered user: Admin
May 25, 2025 7:55:45 PM com.lexso.dashboard.main.DashboardWindow <init>
INFO: Initializing DashboardWindow.
May 25, 2025 7:55:47 PM com.lexso.dashboard.main.DashboardWindow loadPanel
INFO: SettingsPanel loaded successfully into jPanel11.
May 25, 2025 7:56:25 PM com.lexso.dashboard.main.DashboardWindow loadPanel
INFO: SettingsPanel refreshed successfully into jPanel11.
May 25, 2025 7:56:25 PM com.lexso.dashboard.main.DashboardWindow refreshLabelMouseClicked
INFO: Dashboard UI refreshed successfully on refresh label click.
May 25, 2025 7:56:31 PM com.lexso.login.main.Main$7 run
INFO: Auto-login successful for remembered user: Admin
May 25, 2025 7:56:31 PM com.lexso.dashboard.main.DashboardWindow <init>
INFO: Initializing DashboardWindow.
May 25, 2025 7:56:35 PM com.lexso.dashboard.main.DashboardWindow loadPanel
INFO: SettingsPanel loaded successfully into jPanel11.
May 25, 2025 10:21:32 PM com.lexso.login.main.Main$7 run
INFO: Auto-login successful for remembered user: Admin
May 25, 2025 10:21:32 PM com.lexso.dashboard.main.DashboardWindow <init>
INFO: Initializing DashboardWindow.
May 25, 2025 10:21:37 PM com.lexso.dashboard.main.DashboardWindow loadPanel
INFO: SettingsPanel loaded successfully into jPanel11.
May 25, 2025 10:21:38 PM com.lexso.dashboard.main.DashboardWindow loadPanel
INFO: ContactUsPanel loaded successfully into jPanel11.
May 25, 2025 10:33:26 PM com.lexso.dashboard.main.DashboardWindow loadPanel
INFO: SettingsPanel loaded successfully into jPanel11.
May 25, 2025 10:34:45 PM com.lexso.login.main.Main$7 run
WARNING: Remembered user credentials invalid or not found. Clearing preference.
May 25, 2025 10:34:45 PM com.lexso.login.main.Main <init>
INFO: Starting LexSo POS application.
May 25, 2025 10:34:54 PM com.lexso.login.main.Main jButton1ActionPerformed
INFO: Login button clicked. Attempting login for username: Admin
May 25, 2025 10:34:55 PM com.lexso.login.main.Main jButton1ActionPerformed
WARNING: Login failed for user: Admin. Invalid credentials.
May 25, 2025 10:35:02 PM com.lexso.login.main.Main jButton1ActionPerformed
INFO: Login button clicked. Attempting login for username: Admin
May 25, 2025 10:35:02 PM com.lexso.login.main.Main jButton1ActionPerformed
INFO: Login successful for user: Admin (Email: admin@lexso.com)
May 25, 2025 10:35:02 PM com.lexso.login.main.Main jButton1ActionPerformed
INFO: Remember Me checked. Preference saved for user: Admin
May 25, 2025 10:35:02 PM com.lexso.dashboard.main.DashboardWindow <init>
INFO: Initializing DashboardWindow.
May 25, 2025 10:35:02 PM com.lexso.login.main.Main jButton1ActionPerformed
INFO: Redirected to Dashboard. Login window disposed.
May 25, 2025 10:35:04 PM com.lexso.dashboard.main.DashboardWindow loadPanel
INFO: ContactUsPanel loaded successfully into jPanel11.
May 25, 2025 10:35:06 PM com.lexso.dashboard.main.DashboardWindow loadPanel
INFO: SettingsPanel loaded successfully into jPanel11.
May 25, 2025 10:38:32 PM com.lexso.login.main.Main$7 run
INFO: Auto-login successful for remembered user: Admin
May 25, 2025 10:38:32 PM com.lexso.dashboard.main.DashboardWindow <init>
INFO: Initializing DashboardWindow.
May 25, 2025 10:38:36 PM com.lexso.dashboard.main.DashboardWindow loadPanel
INFO: ContactUsPanel loaded successfully into jPanel11.
May 25, 2025 10:38:37 PM com.lexso.dashboard.main.DashboardWindow loadPanel
INFO: SettingsPanel loaded successfully into jPanel11.
May 25, 2025 10:39:08 PM com.lexso.dashboard.main.DashboardWindow loadPanel
INFO: ContactUsPanel loaded successfully into jPanel11.
May 25, 2025 10:42:53 PM com.lexso.login.main.Main$7 run
INFO: Auto-login successful for remembered user: Admin
May 25, 2025 10:42:53 PM com.lexso.dashboard.main.DashboardWindow <init>
INFO: Initializing DashboardWindow.
May 25, 2025 10:42:56 PM com.lexso.dashboard.main.DashboardWindow loadPanel
INFO: SettingsPanel loaded successfully into jPanel11.
May 25, 2025 10:43:14 PM com.lexso.dashboard.main.DashboardWindow jPanel7MouseClicked
INFO: jPanel7 (Employees) clicked. Attempting to load EmployeePanel into jPanel11.
May 25, 2025 10:43:14 PM com.lexso.employee.EmployeePanel <init>
INFO: Initializing EmployeePanel.
May 25, 2025 10:43:14 PM com.lexso.employee.EmployeePanel <init>
INFO: EmployeePanel initialized successfully.
May 25, 2025 10:43:14 PM com.lexso.dashboard.main.DashboardWindow loadPanel
INFO: EmployeePanel loaded successfully into jPanel11.
May 25, 2025 10:43:18 PM com.lexso.dashboard.main.DashboardWindow loadPanel
INFO: SettingsPanel loaded successfully into jPanel11.
May 25, 2025 10:43:19 PM com.lexso.dashboard.main.DashboardWindow loadPanel
INFO: ContactUsPanel loaded successfully into jPanel11.
May 25, 2025 10:43:20 PM com.lexso.dashboard.main.DashboardWindow loadPanel
INFO: SettingsPanel loaded successfully into jPanel11.
May 25, 2025 10:43:22 PM com.lexso.dashboard.main.DashboardWindow loadPanel
INFO: ContactUsPanel loaded successfully into jPanel11.
May 25, 2025 10:43:25 PM com.lexso.dashboard.main.DashboardWindow loadPanel
INFO: SettingsPanel loaded successfully into jPanel11.
May 25, 2025 10:45:55 PM com.lexso.login.main.Main$7 run
INFO: Auto-login successful for remembered user: Admin
May 25, 2025 10:45:55 PM com.lexso.dashboard.main.DashboardWindow <init>
INFO: Initializing DashboardWindow.
May 25, 2025 10:45:58 PM com.lexso.dashboard.main.DashboardWindow loadPanel
INFO: SettingsPanel loaded successfully into jPanel11.
May 25, 2025 10:45:59 PM com.lexso.dashboard.main.DashboardWindow jPanel7MouseClicked
INFO: jPanel7 (Employees) clicked. Attempting to load EmployeePanel into jPanel11.
May 25, 2025 10:45:59 PM com.lexso.employee.EmployeePanel <init>
INFO: Initializing EmployeePanel.
May 25, 2025 10:45:59 PM com.lexso.employee.EmployeePanel <init>
INFO: EmployeePanel initialized successfully.
May 25, 2025 10:45:59 PM com.lexso.dashboard.main.DashboardWindow loadPanel
INFO: EmployeePanel loaded successfully into jPanel11.
May 25, 2025 10:46:04 PM com.lexso.dashboard.main.DashboardWindow loadPanel
INFO: ContactUsPanel loaded successfully into jPanel11.
May 25, 2025 10:46:05 PM com.lexso.dashboard.main.DashboardWindow loadPanel
INFO: SettingsPanel loaded successfully into jPanel11.
May 25, 2025 10:46:07 PM com.lexso.dashboard.main.DashboardWindow jPanel7MouseClicked
INFO: jPanel7 (Employees) clicked. Attempting to load EmployeePanel into jPanel11.
May 25, 2025 10:46:07 PM com.lexso.employee.EmployeePanel <init>
INFO: Initializing EmployeePanel.
May 25, 2025 10:46:07 PM com.lexso.employee.EmployeePanel <init>
INFO: EmployeePanel initialized successfully.
May 25, 2025 10:46:07 PM com.lexso.dashboard.main.DashboardWindow loadPanel
INFO: EmployeePanel loaded successfully into jPanel11.
May 25, 2025 11:11:19 PM com.lexso.login.main.Main$7 run
INFO: Auto-login successful for remembered user: Admin
May 25, 2025 11:11:19 PM com.lexso.dashboard.main.DashboardWindow <init>
INFO: Initializing DashboardWindow.
May 25, 2025 11:11:22 PM com.lexso.dashboard.main.DashboardWindow loadPanel
INFO: ContactUsPanel loaded successfully into jPanel11.
May 25, 2025 11:11:57 PM com.lexso.login.main.Main$7 run
INFO: Auto-login successful for remembered user: Admin
May 25, 2025 11:11:57 PM com.lexso.dashboard.main.DashboardWindow <init>
INFO: Initializing DashboardWindow.
May 25, 2025 11:12:00 PM com.lexso.dashboard.main.DashboardWindow loadPanel
INFO: ContactUsPanel loaded successfully into jPanel11.
May 25, 2025 11:12:27 PM com.lexso.login.main.Main$7 run
INFO: Auto-login successful for remembered user: Admin
May 25, 2025 11:12:27 PM com.lexso.dashboard.main.DashboardWindow <init>
INFO: Initializing DashboardWindow.
May 25, 2025 11:12:29 PM com.lexso.dashboard.main.DashboardWindow loadPanel
INFO: SettingsPanel loaded successfully into jPanel11.
May 25, 2025 11:12:31 PM com.lexso.dashboard.main.DashboardWindow loadPanel
INFO: ContactUsPanel loaded successfully into jPanel11.
May 25, 2025 11:13:00 PM com.lexso.login.main.Main$7 run
INFO: Auto-login successful for remembered user: Admin
May 25, 2025 11:13:00 PM com.lexso.dashboard.main.DashboardWindow <init>
INFO: Initializing DashboardWindow.
May 25, 2025 11:13:03 PM com.lexso.dashboard.main.DashboardWindow loadPanel
INFO: ContactUsPanel loaded successfully into jPanel11.
May 25, 2025 11:13:29 PM com.lexso.login.main.Main$7 run
INFO: Auto-login successful for remembered user: Admin
May 25, 2025 11:13:30 PM com.lexso.dashboard.main.DashboardWindow <init>
INFO: Initializing DashboardWindow.
May 25, 2025 11:13:32 PM com.lexso.dashboard.main.DashboardWindow loadPanel
INFO: ContactUsPanel loaded successfully into jPanel11.
May 26, 2025 12:25:35 PM com.lexso.login.main.Main$7 run
INFO: Auto-login successful for remembered user: Admin
May 26, 2025 12:25:35 PM com.lexso.dashboard.main.DashboardWindow <init>
INFO: Initializing DashboardWindow.
May 26, 2025 12:25:36 PM com.lexso.dashboard.main.DashboardWindow loadPanel
INFO: OverviewPanel loaded successfully into jPanel11.
May 26, 2025 12:25:42 PM com.lexso.dashboard.main.DashboardWindow loadPanel
INFO: ContactUsPanel loaded successfully into jPanel11.
May 26, 2025 12:25:45 PM com.lexso.dashboard.main.DashboardWindow loadPanel
INFO: SettingsPanel loaded successfully into jPanel11.
May 26, 2025 12:25:48 PM com.lexso.dashboard.main.DashboardWindow jPanel7MouseClicked
INFO: jPanel7 (Employees) clicked. Attempting to load EmployeePanel into jPanel11.
May 26, 2025 12:25:48 PM com.lexso.employee.EmployeePanel <init>
INFO: Initializing EmployeePanel.
May 26, 2025 12:25:48 PM com.lexso.employee.EmployeePanel <init>
INFO: EmployeePanel initialized successfully.
May 26, 2025 12:25:48 PM com.lexso.dashboard.main.DashboardWindow loadPanel
INFO: EmployeePanel loaded successfully into jPanel11.
May 26, 2025 12:25:51 PM com.lexso.dashboard.main.DashboardWindow loadPanel
INFO: OverviewPanel loaded successfully into jPanel11.
May 26, 2025 12:26:28 PM com.lexso.login.main.Main$7 run
INFO: Auto-login successful for remembered user: Admin
May 26, 2025 12:26:28 PM com.lexso.dashboard.main.DashboardWindow <init>
INFO: Initializing DashboardWindow.
May 26, 2025 12:26:29 PM com.lexso.dashboard.main.DashboardWindow loadPanel
INFO: OverviewPanel loaded successfully into jPanel11.
May 26, 2025 12:28:29 PM com.lexso.login.main.Main$7 run
INFO: Auto-login successful for remembered user: Admin
May 26, 2025 12:28:29 PM com.lexso.dashboard.main.DashboardWindow <init>
INFO: Initializing DashboardWindow.
May 26, 2025 12:28:30 PM com.lexso.dashboard.main.DashboardWindow loadPanel
INFO: OverviewPanel loaded successfully into jPanel11.
May 26, 2025 12:28:58 PM com.lexso.dashboard.main.DashboardWindow loadPanel
INFO: ContactUsPanel loaded successfully into jPanel11.
May 26, 2025 12:28:59 PM com.lexso.dashboard.main.DashboardWindow loadPanel
INFO: OverviewPanel loaded successfully into jPanel11.
May 26, 2025 12:30:45 PM com.lexso.login.main.Main$7 run
INFO: Auto-login successful for remembered user: Admin
May 26, 2025 12:30:45 PM com.lexso.dashboard.main.DashboardWindow <init>
INFO: Initializing DashboardWindow.
May 26, 2025 12:30:46 PM com.lexso.dashboard.main.DashboardWindow loadPanel
INFO: OverviewPanel loaded successfully into jPanel11.
May 26, 2025 12:31:42 PM com.lexso.dashboard.main.DashboardWindow loadPanel
INFO: SettingsPanel loaded successfully into jPanel11.
May 26, 2025 12:31:44 PM com.lexso.dashboard.main.DashboardWindow loadPanel
INFO: ContactUsPanel loaded successfully into jPanel11.
May 26, 2025 12:31:45 PM com.lexso.dashboard.main.DashboardWindow loadPanel
INFO: OverviewPanel loaded successfully into jPanel11.
May 26, 2025 12:32:00 PM com.lexso.dashboard.main.DashboardWindow loadPanel
INFO: SettingsPanel loaded successfully into jPanel11.
May 26, 2025 12:32:01 PM com.lexso.dashboard.main.DashboardWindow loadPanel
INFO: ContactUsPanel loaded successfully into jPanel11.
May 26, 2025 12:32:03 PM com.lexso.dashboard.main.DashboardWindow loadPanel
INFO: SettingsPanel loaded successfully into jPanel11.
May 26, 2025 12:33:56 PM com.lexso.login.main.Main$7 run
INFO: Auto-login successful for remembered user: Admin
May 26, 2025 12:33:56 PM com.lexso.dashboard.main.DashboardWindow <init>
INFO: Initializing DashboardWindow.
May 26, 2025 12:33:57 PM com.lexso.dashboard.main.DashboardWindow loadPanel
INFO: OverviewPanel loaded successfully into jPanel11.
May 26, 2025 12:34:50 PM com.lexso.login.main.Main$7 run
INFO: Auto-login successful for remembered user: Admin
May 26, 2025 12:34:50 PM com.lexso.dashboard.main.DashboardWindow <init>
INFO: Initializing DashboardWindow.
May 26, 2025 12:34:51 PM com.lexso.dashboard.main.DashboardWindow loadPanel
INFO: OverviewPanel loaded successfully into jPanel11.
May 26, 2025 12:34:54 PM com.lexso.dashboard.main.DashboardWindow loadPanel
INFO: ContactUsPanel loaded successfully into jPanel11.
May 26, 2025 12:34:56 PM com.lexso.dashboard.main.DashboardWindow loadPanel
INFO: SettingsPanel loaded successfully into jPanel11.
May 26, 2025 12:38:18 PM com.lexso.login.main.Main$7 run
INFO: Auto-login successful for remembered user: Admin
May 26, 2025 12:38:18 PM com.lexso.dashboard.main.DashboardWindow <init>
INFO: Initializing DashboardWindow.
May 26, 2025 12:38:19 PM com.lexso.dashboard.main.DashboardWindow loadPanel
INFO: OverviewPanel loaded successfully into jPanel11.
